<?xml version="1.0" encoding="UTF-8"?>
<testng-results ignored="0" total="1" passed="1" failed="0" skipped="0">
  <reporter-output>
  </reporter-output>
  <suite started-at="2022-11-21T09:12:28 IST" name="Suite" finished-at="2022-11-21T09:12:32 IST" duration-ms="4056">
    <groups>
    </groups>
    <test started-at="2022-11-21T09:12:28 IST" name="Test" finished-at="2022-11-21T09:12:32 IST" duration-ms="4056">
      <class name="parameterisation.c1">
        <test-method signature="test1(java.lang.String,java.lang.String)[pri:0, instance:parameterisation.c1@48aaecc3]" started-at="2022-11-21T09:12:29 IST" name="test1" finished-at="2022-11-21T09:12:32 IST" duration-ms="3977" status="PASS">
          <params>
            <param index="0">
              <value>
                <![CDATA[abc]]>
              </value>
            </param>
            <param index="1">
              <value>
                <![CDATA[123]]>
              </value>
            </param>
          </params>
          <reporter-output>
          </reporter-output>
        </test-method> <!-- test1 -->
      </class> <!-- parameterisation.c1 -->
    </test> <!-- Test -->
  </suite> <!-- Suite -->
</testng-results>
