<?xml version="1.0" encoding="UTF-8"?>
<testng-results ignored="0" total="1" passed="1" failed="0" skipped="0">
  <reporter-output>
  </reporter-output>
  <suite started-at="2022-11-23T09:07:45 IST" name="Default suite" finished-at="2022-11-23T09:07:56 IST" duration-ms="10511">
    <groups>
    </groups>
    <test started-at="2022-11-23T09:07:45 IST" name="Default test" finished-at="2022-11-23T09:07:56 IST" duration-ms="10511">
      <class name="using_autoit.c1">
        <test-method signature="m1()[pri:0, instance:using_autoit.c1@1534f01b]" started-at="2022-11-23T09:07:45 IST" name="m1" finished-at="2022-11-23T09:07:56 IST" duration-ms="10458" status="PASS">
          <reporter-output>
          </reporter-output>
        </test-method> <!-- m1 -->
      </class> <!-- using_autoit.c1 -->
    </test> <!-- Default test -->
  </suite> <!-- Default suite -->
</testng-results>
