<?xml version="1.0" encoding="UTF-8"?>
<!-- Generated by org.testng.reporters.JUnitXMLReporter -->
<testsuite ignored="0" hostname="Sangee-NEW" failures="0" tests="4" name="Test" time="11.88" errors="0" timestamp="2022-11-16T23:03:35 IST">
  <testcase classname="pack1.c1" name="Test1" time="7.257"/>
  <testcase classname="pack1.c2" name="Test2" time="7.257"/>
  <testcase classname="pack2.c3" name="Test3" time="9.317"/>
  <testcase classname="pack2.c4" name="Test4" time="11.836"/>
</testsuite> <!-- Test -->
