<?xml version="1.0" encoding="UTF-8"?>
<testng-results ignored="0" total="1" passed="1" failed="0" skipped="0">
  <reporter-output>
  </reporter-output>
  <suite started-at="2022-11-24T15:20:37Z" name="Suite" finished-at="2022-11-24T15:20:39Z" duration-ms="2369">
    <groups>
    </groups>
    <test started-at="2022-11-24T15:20:37Z" name="Test" finished-at="2022-11-24T15:20:39Z" duration-ms="2369">
      <class name="pack2.c2">
        <test-method signature="t1()[pri:0, instance:pack2.c2@5276d6ee]" started-at="2022-11-24T15:20:37Z" name="t1" finished-at="2022-11-24T15:20:39Z" duration-ms="2328" status="PASS">
          <reporter-output>
          </reporter-output>
        </test-method> <!-- t1 -->
      </class> <!-- pack2.c2 -->
    </test> <!-- Test -->
  </suite> <!-- Suite -->
</testng-results>
